  Source.cpp
c:\ilir\games\snes debug\mariocvplugin2017\mariocv\mariocv\source.cpp(19): warning C4244: 'initializing': conversion from 'lua_Number' to 'float', possible loss of data
c:\ilir\games\snes debug\mariocvplugin2017\mariocv\mariocv\source.cpp(26): warning C4244: 'initializing': conversion from 'lua_Number' to 'float', possible loss of data
  lvm.c
c:\ilir\games\snes debug\mariocvplugin2017\mariocv\mariocv\src\lvm.c(53): error C4996: 'sprintf': This function or variable may be unsafe. Consider using sprintf_s instead. To disable deprecation, use _CRT_SECURE_NO_WARNINGS. See online help for details.
  c:\program files (x86)\windows kits\10\include\10.0.16299.0\ucrt\stdio.h(1772): note: see declaration of 'sprintf'
  luac.c
c:\ilir\games\snes debug\mariocvplugin2017\mariocv\mariocv\src\luac.c(44): error C4996: 'strerror': This function or variable may be unsafe. Consider using strerror_s instead. To disable deprecation, use _CRT_SECURE_NO_WARNINGS. See online help for details.
  c:\program files (x86)\windows kits\10\include\10.0.16299.0\ucrt\string.h(181): note: see declaration of 'strerror'
c:\ilir\games\snes debug\mariocvplugin2017\mariocv\mariocv\src\luac.c(175): error C4996: 'fopen': This function or variable may be unsafe. Consider using fopen_s instead. To disable deprecation, use _CRT_SECURE_NO_WARNINGS. See online help for details.
  c:\program files (x86)\windows kits\10\include\10.0.16299.0\ucrt\stdio.h(207): note: see declaration of 'fopen'
  lua.c
c:\ilir\games\snes debug\mariocvplugin2017\mariocv\mariocv\src\lua.c(324): error C4996: 'getenv': This function or variable may be unsafe. Consider using _dupenv_s instead. To disable deprecation, use _CRT_SECURE_NO_WARNINGS. See online help for details.
  c:\program files (x86)\windows kits\10\include\10.0.16299.0\ucrt\stdlib.h(1199): note: see declaration of 'getenv'
  lstrlib.c
c:\ilir\games\snes debug\mariocvplugin2017\mariocv\mariocv\src\lstrlib.c(740): error C4996: 'strncpy': This function or variable may be unsafe. Consider using strncpy_s instead. To disable deprecation, use _CRT_SECURE_NO_WARNINGS. See online help for details.
  c:\program files (x86)\windows kits\10\include\10.0.16299.0\ucrt\string.h(337): note: see declaration of 'strncpy'
c:\ilir\games\snes debug\mariocvplugin2017\mariocv\mariocv\src\lstrlib.c(750): error C4996: 'strcpy': This function or variable may be unsafe. Consider using strcpy_s instead. To disable deprecation, use _CRT_SECURE_NO_WARNINGS. See online help for details.
  c:\program files (x86)\windows kits\10\include\10.0.16299.0\ucrt\string.h(132): note: see declaration of 'strcpy'
c:\ilir\games\snes debug\mariocvplugin2017\mariocv\mariocv\src\lstrlib.c(777): error C4996: 'sprintf': This function or variable may be unsafe. Consider using sprintf_s instead. To disable deprecation, use _CRT_SECURE_NO_WARNINGS. See online help for details.
  c:\program files (x86)\windows kits\10\include\10.0.16299.0\ucrt\stdio.h(1772): note: see declaration of 'sprintf'
c:\ilir\games\snes debug\mariocvplugin2017\mariocv\mariocv\src\lstrlib.c(782): error C4996: 'sprintf': This function or variable may be unsafe. Consider using sprintf_s instead. To disable deprecation, use _CRT_SECURE_NO_WARNINGS. See online help for details.
  c:\program files (x86)\windows kits\10\include\10.0.16299.0\ucrt\stdio.h(1772): note: see declaration of 'sprintf'
c:\ilir\games\snes debug\mariocvplugin2017\mariocv\mariocv\src\lstrlib.c(787): error C4996: 'sprintf': This function or variable may be unsafe. Consider using sprintf_s instead. To disable deprecation, use _CRT_SECURE_NO_WARNINGS. See online help for details.
  c:\program files (x86)\windows kits\10\include\10.0.16299.0\ucrt\stdio.h(1772): note: see declaration of 'sprintf'
c:\ilir\games\snes debug\mariocvplugin2017\mariocv\mariocv\src\lstrlib.c(792): error C4996: 'sprintf': This function or variable may be unsafe. Consider using sprintf_s instead. To disable deprecation, use _CRT_SECURE_NO_WARNINGS. See online help for details.
  c:\program files (x86)\windows kits\10\include\10.0.16299.0\ucrt\stdio.h(1772): note: see declaration of 'sprintf'
c:\ilir\games\snes debug\mariocvplugin2017\mariocv\mariocv\src\lstrlib.c(810): error C4996: 'sprintf': This function or variable may be unsafe. Consider using sprintf_s instead. To disable deprecation, use _CRT_SECURE_NO_WARNINGS. See online help for details.
  c:\program files (x86)\windows kits\10\include\10.0.16299.0\ucrt\stdio.h(1772): note: see declaration of 'sprintf'
  loslib.c
c:\ilir\games\snes debug\mariocvplugin2017\mariocv\mariocv\src\loslib.c(31): error C4996: 'strerror': This function or variable may be unsafe. Consider using strerror_s instead. To disable deprecation, use _CRT_SECURE_NO_WARNINGS. See online help for details.
  c:\program files (x86)\windows kits\10\include\10.0.16299.0\ucrt\string.h(181): note: see declaration of 'strerror'
c:\ilir\games\snes debug\mariocvplugin2017\mariocv\mariocv\src\loslib.c(60): error C4996: 'tmpnam': This function or variable may be unsafe. Consider using tmpnam_s instead. To disable deprecation, use _CRT_SECURE_NO_WARNINGS. See online help for details.
  c:\program files (x86)\windows kits\10\include\10.0.16299.0\ucrt\stdio.h(439): note: see declaration of 'tmpnam'
c:\ilir\games\snes debug\mariocvplugin2017\mariocv\mariocv\src\loslib.c(69): error C4996: 'getenv': This function or variable may be unsafe. Consider using _dupenv_s instead. To disable deprecation, use _CRT_SECURE_NO_WARNINGS. See online help for details.
  c:\program files (x86)\windows kits\10\include\10.0.16299.0\ucrt\stdlib.h(1199): note: see declaration of 'getenv'
c:\ilir\games\snes debug\mariocvplugin2017\mariocv\mariocv\src\loslib.c(129): error C4996: 'gmtime': This function or variable may be unsafe. Consider using gmtime_s instead. To disable deprecation, use _CRT_SECURE_NO_WARNINGS. See online help for details.
  c:\program files (x86)\windows kits\10\include\10.0.16299.0\ucrt\time.h(495): note: see declaration of 'gmtime'
c:\ilir\games\snes debug\mariocvplugin2017\mariocv\mariocv\src\loslib.c(133): error C4996: 'localtime': This function or variable may be unsafe. Consider using localtime_s instead. To disable deprecation, use _CRT_SECURE_NO_WARNINGS. See online help for details.
  c:\program files (x86)\windows kits\10\include\10.0.16299.0\ucrt\time.h(505): note: see declaration of 'localtime'
  lobject.c
c:\ilir\games\snes debug\mariocvplugin2017\mariocv\mariocv\src\lobject.c(145): error C4996: 'sprintf': This function or variable may be unsafe. Consider using sprintf_s instead. To disable deprecation, use _CRT_SECURE_NO_WARNINGS. See online help for details.
  c:\program files (x86)\windows kits\10\include\10.0.16299.0\ucrt\stdio.h(1772): note: see declaration of 'sprintf'
c:\ilir\games\snes debug\mariocvplugin2017\mariocv\mariocv\src\lobject.c(184): error C4996: 'strncpy': This function or variable may be unsafe. Consider using strncpy_s instead. To disable deprecation, use _CRT_SECURE_NO_WARNINGS. See online help for details.
  c:\program files (x86)\windows kits\10\include\10.0.16299.0\ucrt\string.h(337): note: see declaration of 'strncpy'
c:\ilir\games\snes debug\mariocvplugin2017\mariocv\mariocv\src\lobject.c(193): error C4996: 'strcpy': This function or variable may be unsafe. Consider using strcpy_s instead. To disable deprecation, use _CRT_SECURE_NO_WARNINGS. See online help for details.
  c:\program files (x86)\windows kits\10\include\10.0.16299.0\ucrt\string.h(132): note: see declaration of 'strcpy'
c:\ilir\games\snes debug\mariocvplugin2017\mariocv\mariocv\src\lobject.c(196): error C4996: 'strcat': This function or variable may be unsafe. Consider using strcat_s instead. To disable deprecation, use _CRT_SECURE_NO_WARNINGS. See online help for details.
  c:\program files (x86)\windows kits\10\include\10.0.16299.0\ucrt\string.h(89): note: see declaration of 'strcat'
c:\ilir\games\snes debug\mariocvplugin2017\mariocv\mariocv\src\lobject.c(198): error C4996: 'strcat': This function or variable may be unsafe. Consider using strcat_s instead. To disable deprecation, use _CRT_SECURE_NO_WARNINGS. See online help for details.
  c:\program files (x86)\windows kits\10\include\10.0.16299.0\ucrt\string.h(89): note: see declaration of 'strcat'
c:\ilir\games\snes debug\mariocvplugin2017\mariocv\mariocv\src\lobject.c(204): error C4996: 'strcpy': This function or variable may be unsafe. Consider using strcpy_s instead. To disable deprecation, use _CRT_SECURE_NO_WARNINGS. See online help for details.
  c:\program files (x86)\windows kits\10\include\10.0.16299.0\ucrt\string.h(132): note: see declaration of 'strcpy'
c:\ilir\games\snes debug\mariocvplugin2017\mariocv\mariocv\src\lobject.c(206): error C4996: 'strncat': This function or variable may be unsafe. Consider using strncat_s instead. To disable deprecation, use _CRT_SECURE_NO_WARNINGS. See online help for details.
  c:\program files (x86)\windows kits\10\include\10.0.16299.0\ucrt\string.h(265): note: see declaration of 'strncat'
c:\ilir\games\snes debug\mariocvplugin2017\mariocv\mariocv\src\lobject.c(207): error C4996: 'strcat': This function or variable may be unsafe. Consider using strcat_s instead. To disable deprecation, use _CRT_SECURE_NO_WARNINGS. See online help for details.
  c:\program files (x86)\windows kits\10\include\10.0.16299.0\ucrt\string.h(89): note: see declaration of 'strcat'
c:\ilir\games\snes debug\mariocvplugin2017\mariocv\mariocv\src\lobject.c(210): error C4996: 'strcat': This function or variable may be unsafe. Consider using strcat_s instead. To disable deprecation, use _CRT_SECURE_NO_WARNINGS. See online help for details.
  c:\program files (x86)\windows kits\10\include\10.0.16299.0\ucrt\string.h(89): note: see declaration of 'strcat'
c:\ilir\games\snes debug\mariocvplugin2017\mariocv\mariocv\src\lobject.c(211): error C4996: 'strcat': This function or variable may be unsafe. Consider using strcat_s instead. To disable deprecation, use _CRT_SECURE_NO_WARNINGS. See online help for details.
  c:\program files (x86)\windows kits\10\include\10.0.16299.0\ucrt\string.h(89): note: see declaration of 'strcat'
  loadlib.c
c:\ilir\games\snes debug\mariocvplugin2017\mariocv\mariocv\src\loadlib.c(333): error C4996: 'fopen': This function or variable may be unsafe. Consider using fopen_s instead. To disable deprecation, use _CRT_SECURE_NO_WARNINGS. See online help for details.
  c:\program files (x86)\windows kits\10\include\10.0.16299.0\ucrt\stdio.h(207): note: see declaration of 'fopen'
c:\ilir\games\snes debug\mariocvplugin2017\mariocv\mariocv\src\loadlib.c(594): error C4996: 'getenv': This function or variable may be unsafe. Consider using _dupenv_s instead. To disable deprecation, use _CRT_SECURE_NO_WARNINGS. See online help for details.
  c:\program files (x86)\windows kits\10\include\10.0.16299.0\ucrt\stdlib.h(1199): note: see declaration of 'getenv'
  liolib.c
c:\ilir\games\snes debug\mariocvplugin2017\mariocv\mariocv\src\liolib.c(39): error C4996: 'strerror': This function or variable may be unsafe. Consider using strerror_s instead. To disable deprecation, use _CRT_SECURE_NO_WARNINGS. See online help for details.
  c:\program files (x86)\windows kits\10\include\10.0.16299.0\ucrt\string.h(181): note: see declaration of 'strerror'
c:\ilir\games\snes debug\mariocvplugin2017\mariocv\mariocv\src\liolib.c(41): error C4996: 'strerror': This function or variable may be unsafe. Consider using strerror_s instead. To disable deprecation, use _CRT_SECURE_NO_WARNINGS. See online help for details.
  c:\program files (x86)\windows kits\10\include\10.0.16299.0\ucrt\string.h(181): note: see declaration of 'strerror'
c:\ilir\games\snes debug\mariocvplugin2017\mariocv\mariocv\src\liolib.c(49): error C4996: 'strerror': This function or variable may be unsafe. Consider using strerror_s instead. To disable deprecation, use _CRT_SECURE_NO_WARNINGS. See online help for details.
  c:\program files (x86)\windows kits\10\include\10.0.16299.0\ucrt\string.h(181): note: see declaration of 'strerror'
c:\ilir\games\snes debug\mariocvplugin2017\mariocv\mariocv\src\liolib.c(165): error C4996: 'fopen': This function or variable may be unsafe. Consider using fopen_s instead. To disable deprecation, use _CRT_SECURE_NO_WARNINGS. See online help for details.
  c:\program files (x86)\windows kits\10\include\10.0.16299.0\ucrt\stdio.h(207): note: see declaration of 'fopen'
c:\ilir\games\snes debug\mariocvplugin2017\mariocv\mariocv\src\liolib.c(185): error C4996: 'tmpfile': This function or variable may be unsafe. Consider using tmpfile_s instead. To disable deprecation, use _CRT_SECURE_NO_WARNINGS. See online help for details.
  c:\program files (x86)\windows kits\10\include\10.0.16299.0\ucrt\stdio.h(429): note: see declaration of 'tmpfile'
c:\ilir\games\snes debug\mariocvplugin2017\mariocv\mariocv\src\liolib.c(205): error C4996: 'fopen': This function or variable may be unsafe. Consider using fopen_s instead. To disable deprecation, use _CRT_SECURE_NO_WARNINGS. See online help for details.
  c:\program files (x86)\windows kits\10\include\10.0.16299.0\ucrt\stdio.h(207): note: see declaration of 'fopen'
c:\ilir\games\snes debug\mariocvplugin2017\mariocv\mariocv\src\liolib.c(257): error C4996: 'fopen': This function or variable may be unsafe. Consider using fopen_s instead. To disable deprecation, use _CRT_SECURE_NO_WARNINGS. See online help for details.
  c:\program files (x86)\windows kits\10\include\10.0.16299.0\ucrt\stdio.h(207): note: see declaration of 'fopen'
c:\ilir\games\snes debug\mariocvplugin2017\mariocv\mariocv\src\liolib.c(275): error C4996: 'fscanf': This function or variable may be unsafe. Consider using fscanf_s instead. To disable deprecation, use _CRT_SECURE_NO_WARNINGS. See online help for details.
  c:\program files (x86)\windows kits\10\include\10.0.16299.0\ucrt\stdio.h(1195): note: see declaration of 'fscanf'
c:\ilir\games\snes debug\mariocvplugin2017\mariocv\mariocv\src\liolib.c(398): error C4996: 'strerror': This function or variable may be unsafe. Consider using strerror_s instead. To disable deprecation, use _CRT_SECURE_NO_WARNINGS. See online help for details.
  c:\program files (x86)\windows kits\10\include\10.0.16299.0\ucrt\string.h(181): note: see declaration of 'strerror'
  lauxlib.c
c:\ilir\games\snes debug\mariocvplugin2017\mariocv\mariocv\src\lauxlib.c(544): error C4996: 'strerror': This function or variable may be unsafe. Consider using strerror_s instead. To disable deprecation, use _CRT_SECURE_NO_WARNINGS. See online help for details.
  c:\program files (x86)\windows kits\10\include\10.0.16299.0\ucrt\string.h(181): note: see declaration of 'strerror'
c:\ilir\games\snes debug\mariocvplugin2017\mariocv\mariocv\src\lauxlib.c(564): error C4996: 'fopen': This function or variable may be unsafe. Consider using fopen_s instead. To disable deprecation, use _CRT_SECURE_NO_WARNINGS. See online help for details.
  c:\program files (x86)\windows kits\10\include\10.0.16299.0\ucrt\stdio.h(207): note: see declaration of 'fopen'
c:\ilir\games\snes debug\mariocvplugin2017\mariocv\mariocv\src\lauxlib.c(574): error C4996: 'freopen': This function or variable may be unsafe. Consider using freopen_s instead. To disable deprecation, use _CRT_SECURE_NO_WARNINGS. See online help for details.
  c:\program files (x86)\windows kits\10\include\10.0.16299.0\ucrt\stdio.h(242): note: see declaration of 'freopen'
  Generating Code...
