c:\ilir\games\snes debug\mariocvplugin2017\mariocv\mariocv\release\vc141.pdb
c:\ilir\games\snes debug\mariocvplugin2017\mariocv\mariocv\release\lparser.obj
c:\ilir\games\snes debug\mariocvplugin2017\mariocv\mariocv\release\loslib.obj
c:\ilir\games\snes debug\mariocvplugin2017\mariocv\mariocv\release\lopcodes.obj
c:\ilir\games\snes debug\mariocvplugin2017\mariocv\mariocv\release\lobject.obj
c:\ilir\games\snes debug\mariocvplugin2017\mariocv\mariocv\release\loadlib.obj
c:\ilir\games\snes debug\mariocvplugin2017\mariocv\mariocv\release\lmem.obj
c:\ilir\games\snes debug\mariocvplugin2017\mariocv\mariocv\release\lmathlib.obj
c:\ilir\games\snes debug\mariocvplugin2017\mariocv\mariocv\release\llex.obj
c:\ilir\games\snes debug\mariocvplugin2017\mariocv\mariocv\release\liolib.obj
c:\ilir\games\snes debug\mariocvplugin2017\mariocv\mariocv\release\linit.obj
c:\ilir\games\snes debug\mariocvplugin2017\mariocv\mariocv\release\lgc.obj
c:\ilir\games\snes debug\mariocvplugin2017\mariocv\mariocv\release\lfunc.obj
c:\ilir\games\snes debug\mariocvplugin2017\mariocv\mariocv\release\ldump.obj
c:\ilir\games\snes debug\mariocvplugin2017\mariocv\mariocv\release\ldo.obj
c:\ilir\games\snes debug\mariocvplugin2017\mariocv\mariocv\release\ldebug.obj
c:\ilir\games\snes debug\mariocvplugin2017\mariocv\mariocv\release\ldblib.obj
c:\ilir\games\snes debug\mariocvplugin2017\mariocv\mariocv\release\lcode.obj
c:\ilir\games\snes debug\mariocvplugin2017\mariocv\mariocv\release\lbaselib.obj
c:\ilir\games\snes debug\mariocvplugin2017\mariocv\mariocv\release\lauxlib.obj
c:\ilir\games\snes debug\mariocvplugin2017\mariocv\mariocv\release\lapi.obj
c:\ilir\games\snes debug\mariocvplugin2017\mariocv\mariocv\release\print.obj
c:\ilir\games\snes debug\mariocvplugin2017\mariocv\mariocv\release\lzio.obj
c:\ilir\games\snes debug\mariocvplugin2017\mariocv\mariocv\release\lvm.obj
c:\ilir\games\snes debug\mariocvplugin2017\mariocv\mariocv\release\lundump.obj
c:\ilir\games\snes debug\mariocvplugin2017\mariocv\mariocv\release\luac.obj
c:\ilir\games\snes debug\mariocvplugin2017\mariocv\mariocv\release\lua.obj
c:\ilir\games\snes debug\mariocvplugin2017\mariocv\mariocv\release\ltm.obj
c:\ilir\games\snes debug\mariocvplugin2017\mariocv\mariocv\release\ltablib.obj
c:\ilir\games\snes debug\mariocvplugin2017\mariocv\mariocv\release\ltable.obj
c:\ilir\games\snes debug\mariocvplugin2017\mariocv\mariocv\release\lstrlib.obj
c:\ilir\games\snes debug\mariocvplugin2017\mariocv\mariocv\release\lstring.obj
c:\ilir\games\snes debug\mariocvplugin2017\mariocv\mariocv\release\lstate.obj
c:\ilir\games\snes debug\mariocvplugin2017\mariocv\mariocv\release\source.obj
c:\ilir\games\snes debug\mariocvplugin2017\mariocv\release\mariocv.dll
c:\ilir\games\snes debug\mariocvplugin2017\mariocv\release\mariocv.pdb
c:\ilir\games\snes debug\mariocvplugin2017\mariocv\release\mariocv.lib
c:\ilir\games\snes debug\mariocvplugin2017\mariocv\release\mariocv.exp
c:\ilir\games\snes debug\mariocvplugin2017\mariocv\release\mariocv.ipdb
c:\ilir\games\snes debug\mariocvplugin2017\mariocv\release\mariocv.iobj
c:\ilir\games\snes debug\mariocvplugin2017\mariocv\mariocv\release\mariocv.tlog\cl.command.1.tlog
c:\ilir\games\snes debug\mariocvplugin2017\mariocv\mariocv\release\mariocv.tlog\cl.read.1.tlog
c:\ilir\games\snes debug\mariocvplugin2017\mariocv\mariocv\release\mariocv.tlog\cl.write.1.tlog
c:\ilir\games\snes debug\mariocvplugin2017\mariocv\mariocv\release\mariocv.tlog\link.command.1.tlog
c:\ilir\games\snes debug\mariocvplugin2017\mariocv\mariocv\release\mariocv.tlog\link.delete.1.tlog
c:\ilir\games\snes debug\mariocvplugin2017\mariocv\mariocv\release\mariocv.tlog\link.read.1.tlog
c:\ilir\games\snes debug\mariocvplugin2017\mariocv\mariocv\release\mariocv.tlog\link.write.1.tlog
c:\ilir\games\snes debug\mariocvplugin2017\mariocv\mariocv\release\mariocv.tlog\mariocv.write.1u.tlog
