c:\ilir\games\snes debug\mariocvplugin\mariocvplugin\mariocvplugin\release\vc140.pdb
c:\ilir\games\snes debug\mariocvplugin\mariocvplugin\mariocvplugin\release\source.obj
c:\ilir\games\snes debug\mariocvplugin\mariocvplugin\mariocvplugin\release\lparser.obj
c:\ilir\games\snes debug\mariocvplugin\mariocvplugin\mariocvplugin\release\loslib.obj
c:\ilir\games\snes debug\mariocvplugin\mariocvplugin\mariocvplugin\release\lopcodes.obj
c:\ilir\games\snes debug\mariocvplugin\mariocvplugin\mariocvplugin\release\lobject.obj
c:\ilir\games\snes debug\mariocvplugin\mariocvplugin\mariocvplugin\release\loadlib.obj
c:\ilir\games\snes debug\mariocvplugin\mariocvplugin\mariocvplugin\release\lmem.obj
c:\ilir\games\snes debug\mariocvplugin\mariocvplugin\mariocvplugin\release\lmathlib.obj
c:\ilir\games\snes debug\mariocvplugin\mariocvplugin\mariocvplugin\release\llex.obj
c:\ilir\games\snes debug\mariocvplugin\mariocvplugin\mariocvplugin\release\liolib.obj
c:\ilir\games\snes debug\mariocvplugin\mariocvplugin\mariocvplugin\release\linit.obj
c:\ilir\games\snes debug\mariocvplugin\mariocvplugin\mariocvplugin\release\lgc.obj
c:\ilir\games\snes debug\mariocvplugin\mariocvplugin\mariocvplugin\release\lfunc.obj
c:\ilir\games\snes debug\mariocvplugin\mariocvplugin\mariocvplugin\release\ldump.obj
c:\ilir\games\snes debug\mariocvplugin\mariocvplugin\mariocvplugin\release\ldo.obj
c:\ilir\games\snes debug\mariocvplugin\mariocvplugin\mariocvplugin\release\ldebug.obj
c:\ilir\games\snes debug\mariocvplugin\mariocvplugin\mariocvplugin\release\ldblib.obj
c:\ilir\games\snes debug\mariocvplugin\mariocvplugin\mariocvplugin\release\lcode.obj
c:\ilir\games\snes debug\mariocvplugin\mariocvplugin\mariocvplugin\release\lbaselib.obj
c:\ilir\games\snes debug\mariocvplugin\mariocvplugin\mariocvplugin\release\lauxlib.obj
c:\ilir\games\snes debug\mariocvplugin\mariocvplugin\mariocvplugin\release\lapi.obj
c:\ilir\games\snes debug\mariocvplugin\mariocvplugin\mariocvplugin\release\print.obj
c:\ilir\games\snes debug\mariocvplugin\mariocvplugin\mariocvplugin\release\lzio.obj
c:\ilir\games\snes debug\mariocvplugin\mariocvplugin\mariocvplugin\release\lvm.obj
c:\ilir\games\snes debug\mariocvplugin\mariocvplugin\mariocvplugin\release\lundump.obj
c:\ilir\games\snes debug\mariocvplugin\mariocvplugin\mariocvplugin\release\lua.obj
c:\ilir\games\snes debug\mariocvplugin\mariocvplugin\mariocvplugin\release\ltm.obj
c:\ilir\games\snes debug\mariocvplugin\mariocvplugin\mariocvplugin\release\ltablib.obj
c:\ilir\games\snes debug\mariocvplugin\mariocvplugin\mariocvplugin\release\ltable.obj
c:\ilir\games\snes debug\mariocvplugin\mariocvplugin\mariocvplugin\release\lstrlib.obj
c:\ilir\games\snes debug\mariocvplugin\mariocvplugin\mariocvplugin\release\lstring.obj
c:\ilir\games\snes debug\mariocvplugin\mariocvplugin\mariocvplugin\release\lstate.obj
c:\ilir\games\snes debug\mariocvplugin\mariocvplugin\release\mariocvplugin.dll
c:\ilir\games\snes debug\mariocvplugin\mariocvplugin\release\mariocvplugin.ipdb
c:\ilir\games\snes debug\mariocvplugin\mariocvplugin\release\mariocvplugin.iobj
c:\ilir\games\snes debug\mariocvplugin\mariocvplugin\release\mariocvplugin.pdb
c:\ilir\games\snes debug\mariocvplugin\mariocvplugin\release\mariocvplugin.lib
c:\ilir\games\snes debug\mariocvplugin\mariocvplugin\release\mariocvplugin.exp
c:\ilir\games\snes debug\mariocvplugin\mariocvplugin\mariocvplugin\release\mariocvplugin.tlog\cl.command.1.tlog
c:\ilir\games\snes debug\mariocvplugin\mariocvplugin\mariocvplugin\release\mariocvplugin.tlog\cl.read.1.tlog
c:\ilir\games\snes debug\mariocvplugin\mariocvplugin\mariocvplugin\release\mariocvplugin.tlog\cl.write.1.tlog
c:\ilir\games\snes debug\mariocvplugin\mariocvplugin\mariocvplugin\release\mariocvplugin.tlog\link.command.1.tlog
c:\ilir\games\snes debug\mariocvplugin\mariocvplugin\mariocvplugin\release\mariocvplugin.tlog\link.read.1.tlog
c:\ilir\games\snes debug\mariocvplugin\mariocvplugin\mariocvplugin\release\mariocvplugin.tlog\link.write.1.tlog
c:\ilir\games\snes debug\mariocvplugin\mariocvplugin\mariocvplugin\release\mariocvplugin.tlog\mariocvplugin.write.1u.tlog
