c:\ilir\games\snes debug\mariocvplugin\mariocvplugin\mariocvplugin\x64\release\vc140.pdb
c:\ilir\games\snes debug\mariocvplugin\mariocvplugin\mariocvplugin\x64\release\lobject.obj
c:\ilir\games\snes debug\mariocvplugin\mariocvplugin\mariocvplugin\x64\release\loadlib.obj
c:\ilir\games\snes debug\mariocvplugin\mariocvplugin\mariocvplugin\x64\release\lmem.obj
c:\ilir\games\snes debug\mariocvplugin\mariocvplugin\mariocvplugin\x64\release\lmathlib.obj
c:\ilir\games\snes debug\mariocvplugin\mariocvplugin\mariocvplugin\x64\release\llex.obj
c:\ilir\games\snes debug\mariocvplugin\mariocvplugin\mariocvplugin\x64\release\liolib.obj
c:\ilir\games\snes debug\mariocvplugin\mariocvplugin\mariocvplugin\x64\release\linit.obj
c:\ilir\games\snes debug\mariocvplugin\mariocvplugin\mariocvplugin\x64\release\lgc.obj
c:\ilir\games\snes debug\mariocvplugin\mariocvplugin\mariocvplugin\x64\release\lfunc.obj
c:\ilir\games\snes debug\mariocvplugin\mariocvplugin\mariocvplugin\x64\release\ldump.obj
c:\ilir\games\snes debug\mariocvplugin\mariocvplugin\mariocvplugin\x64\release\ldo.obj
c:\ilir\games\snes debug\mariocvplugin\mariocvplugin\mariocvplugin\x64\release\ldebug.obj
c:\ilir\games\snes debug\mariocvplugin\mariocvplugin\mariocvplugin\x64\release\ldblib.obj
c:\ilir\games\snes debug\mariocvplugin\mariocvplugin\mariocvplugin\x64\release\lctype.obj
c:\ilir\games\snes debug\mariocvplugin\mariocvplugin\mariocvplugin\x64\release\lcorolib.obj
c:\ilir\games\snes debug\mariocvplugin\mariocvplugin\mariocvplugin\x64\release\lcode.obj
c:\ilir\games\snes debug\mariocvplugin\mariocvplugin\mariocvplugin\x64\release\lbitlib.obj
c:\ilir\games\snes debug\mariocvplugin\mariocvplugin\mariocvplugin\x64\release\lbaselib.obj
c:\ilir\games\snes debug\mariocvplugin\mariocvplugin\mariocvplugin\x64\release\lauxlib.obj
c:\ilir\games\snes debug\mariocvplugin\mariocvplugin\mariocvplugin\x64\release\lapi.obj
c:\ilir\games\snes debug\mariocvplugin\mariocvplugin\mariocvplugin\x64\release\lzio.obj
c:\ilir\games\snes debug\mariocvplugin\mariocvplugin\mariocvplugin\x64\release\lvm.obj
c:\ilir\games\snes debug\mariocvplugin\mariocvplugin\mariocvplugin\x64\release\lutf8lib.obj
c:\ilir\games\snes debug\mariocvplugin\mariocvplugin\mariocvplugin\x64\release\lundump.obj
c:\ilir\games\snes debug\mariocvplugin\mariocvplugin\mariocvplugin\x64\release\luac.obj
c:\ilir\games\snes debug\mariocvplugin\mariocvplugin\mariocvplugin\x64\release\ltm.obj
c:\ilir\games\snes debug\mariocvplugin\mariocvplugin\mariocvplugin\x64\release\ltablib.obj
c:\ilir\games\snes debug\mariocvplugin\mariocvplugin\mariocvplugin\x64\release\ltable.obj
c:\ilir\games\snes debug\mariocvplugin\mariocvplugin\mariocvplugin\x64\release\lstrlib.obj
c:\ilir\games\snes debug\mariocvplugin\mariocvplugin\mariocvplugin\x64\release\lstring.obj
c:\ilir\games\snes debug\mariocvplugin\mariocvplugin\mariocvplugin\x64\release\lstate.obj
c:\ilir\games\snes debug\mariocvplugin\mariocvplugin\mariocvplugin\x64\release\lparser.obj
c:\ilir\games\snes debug\mariocvplugin\mariocvplugin\mariocvplugin\x64\release\loslib.obj
c:\ilir\games\snes debug\mariocvplugin\mariocvplugin\mariocvplugin\x64\release\lopcodes.obj
c:\ilir\games\snes debug\mariocvplugin\mariocvplugin\mariocvplugin\x64\release\print.obj
c:\ilir\games\snes debug\mariocvplugin\mariocvplugin\mariocvplugin\x64\release\lua.obj
c:\ilir\games\snes debug\mariocvplugin\mariocvplugin\mariocvplugin\x64\release\source.obj
c:\ilir\games\snes debug\mariocvplugin\mariocvplugin\x64\release\mariocvplugin.dll
c:\ilir\games\snes debug\mariocvplugin\mariocvplugin\x64\release\mariocvplugin.ipdb
c:\ilir\games\snes debug\mariocvplugin\mariocvplugin\x64\release\mariocvplugin.iobj
c:\ilir\games\snes debug\mariocvplugin\mariocvplugin\x64\release\mariocvplugin.pdb
c:\ilir\games\snes debug\mariocvplugin\mariocvplugin\x64\release\mariocvplugin.lib
c:\ilir\games\snes debug\mariocvplugin\mariocvplugin\x64\release\mariocvplugin.exp
c:\ilir\games\snes debug\mariocvplugin\mariocvplugin\mariocvplugin\x64\release\mariocvplugin.tlog\cl.command.1.tlog
c:\ilir\games\snes debug\mariocvplugin\mariocvplugin\mariocvplugin\x64\release\mariocvplugin.tlog\cl.read.1.tlog
c:\ilir\games\snes debug\mariocvplugin\mariocvplugin\mariocvplugin\x64\release\mariocvplugin.tlog\cl.write.1.tlog
c:\ilir\games\snes debug\mariocvplugin\mariocvplugin\mariocvplugin\x64\release\mariocvplugin.tlog\link.command.1.tlog
c:\ilir\games\snes debug\mariocvplugin\mariocvplugin\mariocvplugin\x64\release\mariocvplugin.tlog\link.read.1.tlog
c:\ilir\games\snes debug\mariocvplugin\mariocvplugin\mariocvplugin\x64\release\mariocvplugin.tlog\link.write.1.tlog
c:\ilir\games\snes debug\mariocvplugin\mariocvplugin\mariocvplugin\x64\release\mariocvplugin.tlog\mariocvplugin.write.1u.tlog
